Server: cei2
Client: cei3
Starting server at cei2
Run 1 at cei3
-----------------------------------------------------------
Server listening on 5201 (test #1)
-----------------------------------------------------------
Connecting to host cei2, port 5201
Accepted connection from 192.168.30.31, port 53280
[  5] local 192.168.30.31 port 53286 connected to 192.168.30.30 port 5201
[  5] local 192.168.30.30 port 5201 connected to 192.168.30.31 port 53286
[ ID] Interval           Transfer     Bitrate         Retr  Cwnd
[ ID] Interval           Transfer     Bitrate
[  5]   0.00-1.00   sec  1.10 GBytes  9.43 Gbits/sec    9   1.18 MBytes       (omitted)
[  5]   0.00-1.00   sec  1.10 GBytes  9.40 Gbits/sec                  (omitted)
[  5]   1.00-2.00   sec  1.10 GBytes  9.41 Gbits/sec    0   1.39 MBytes       (omitted)
[  5]   1.00-2.00   sec  1.10 GBytes  9.41 Gbits/sec                  (omitted)
[  5]   2.00-3.00   sec  1.10 GBytes  9.42 Gbits/sec   18   1.40 MBytes       (omitted)
[  5]   2.00-3.00   sec  1.10 GBytes  9.41 Gbits/sec                  (omitted)
[  5]   0.00-1.00   sec  1.10 GBytes  9.41 Gbits/sec   34   1.42 MBytes       
[  5]   0.00-1.00   sec  1.10 GBytes  9.41 Gbits/sec                  
[  5]   1.00-2.00   sec  1.10 GBytes  9.41 Gbits/sec    0   1.43 MBytes       
[  5]   1.00-2.00   sec  1.10 GBytes  9.42 Gbits/sec                  
[  5]   2.00-3.00   sec  1.09 GBytes  9.40 Gbits/sec    0   1.44 MBytes       
[  5]   2.00-3.00   sec  1.10 GBytes  9.41 Gbits/sec                  
[  5]   3.00-4.00   sec  1.10 GBytes  9.42 Gbits/sec    8   1.44 MBytes       
[  5]   3.00-4.00   sec  1.10 GBytes  9.41 Gbits/sec                  
[  5]   4.00-5.00   sec  1.10 GBytes  9.41 Gbits/sec    0   1.46 MBytes       
[  5]   4.00-5.00   sec  1.10 GBytes  9.41 Gbits/sec                  
[  5]   5.00-6.00   sec  1.10 GBytes  9.42 Gbits/sec    0   1.47 MBytes       
[  5]   5.00-6.00   sec  1.10 GBytes  9.41 Gbits/sec                  
[  5]   6.00-7.00   sec  1.09 GBytes  9.40 Gbits/sec    0   1.48 MBytes       
[  5]   6.00-7.00   sec  1.10 GBytes  9.42 Gbits/sec                  
[  5]   7.00-8.00   sec  1.10 GBytes  9.42 Gbits/sec                  
[  5]   8.00-9.00   sec  1.10 GBytes  9.41 Gbits/sec                  
[  5]   9.00-10.00  sec  1.10 GBytes  9.41 Gbits/sec                  
[  5]  10.00-10.00  sec  1.38 MBytes  6.36 Gbits/sec                  
- - - - - - - - - - - - - - - - - - - - - - - - -
[ ID] Interval           Transfer     Bitrate
[  5]   0.00-10.00  sec  11.0 GBytes  9.41 Gbits/sec                  receiver
[  5]   7.00-8.00   sec  1.10 GBytes  9.42 Gbits/sec    0   1.49 MBytes       
[  5]   8.00-9.00   sec  1.09 GBytes  9.40 Gbits/sec    0   1.51 MBytes       
[  5]   9.00-10.00  sec  1.09 GBytes  9.38 Gbits/sec    0   1.56 MBytes       
- - - - - - - - - - - - - - - - - - - - - - - - -
[ ID] Interval           Transfer     Bitrate         Retr
[  5]   0.00-10.00  sec  11.0 GBytes  9.41 Gbits/sec   42            sender
[  5]   0.00-10.00  sec  11.0 GBytes  9.41 Gbits/sec                  receiver

iperf Done.
Run 2 at cei3
-----------------------------------------------------------
Server listening on 5201 (test #2)
Connecting to host cei2, port 5201
-----------------------------------------------------------
[  5] local 192.168.30.31 port 43076 connected to 192.168.30.30 port 5201
Accepted connection from 192.168.30.31, port 43062
[ ID] Interval           Transfer     Bitrate         Retr  Cwnd
[  5] local 192.168.30.30 port 5201 connected to 192.168.30.31 port 43076
[  5]   0.00-1.00   sec  1.09 GBytes  9.38 Gbits/sec   19   1.24 MBytes       (omitted)
[ ID] Interval           Transfer     Bitrate
[  5]   1.00-2.00   sec  1.10 GBytes  9.41 Gbits/sec    0   1.38 MBytes       (omitted)
[  5]   0.00-1.00   sec  1.09 GBytes  9.35 Gbits/sec                  (omitted)
[  5]   2.00-3.00   sec  1.10 GBytes  9.41 Gbits/sec   16   1.41 MBytes       (omitted)
[  5]   1.00-2.00   sec  1.10 GBytes  9.42 Gbits/sec                  (omitted)
[  5]   0.00-1.00   sec  1.10 GBytes  9.42 Gbits/sec   26   1.43 MBytes       
[  5]   2.00-3.00   sec  1.10 GBytes  9.41 Gbits/sec                  (omitted)
[  5]   1.00-2.00   sec  1.09 GBytes  9.40 Gbits/sec   32   1.43 MBytes       
[  5]   0.00-1.00   sec  1.10 GBytes  9.41 Gbits/sec                  
[  5]   2.00-3.00   sec  1.10 GBytes  9.41 Gbits/sec    6   1.44 MBytes       
[  5]   1.00-2.00   sec  1.10 GBytes  9.41 Gbits/sec                  
[  5]   3.00-4.00   sec  1.09 GBytes  9.40 Gbits/sec   26   1.46 MBytes       
[  5]   2.00-3.00   sec  1.10 GBytes  9.42 Gbits/sec                  
[  5]   4.00-5.00   sec  1.09 GBytes  9.40 Gbits/sec    0   1.47 MBytes       
[  5]   3.00-4.00   sec  1.10 GBytes  9.41 Gbits/sec                  
[  5]   5.00-6.00   sec  1.10 GBytes  9.42 Gbits/sec    0   1.48 MBytes       
[  5]   4.00-5.00   sec  1.10 GBytes  9.41 Gbits/sec                  
[  5]   6.00-7.00   sec  1.10 GBytes  9.41 Gbits/sec    0   1.48 MBytes       
[  5]   5.00-6.00   sec  1.10 GBytes  9.42 Gbits/sec                  
[  5]   6.00-7.00   sec  1.10 GBytes  9.41 Gbits/sec                  
[  5]   7.00-8.00   sec  1.10 GBytes  9.42 Gbits/sec                  
[  5]   8.00-9.00   sec  1.10 GBytes  9.42 Gbits/sec                  
[  5]   9.00-10.00  sec  1.10 GBytes  9.42 Gbits/sec                  
- - - - - - - - - - - - - - - - - - - - - - - - -
[ ID] Interval           Transfer     Bitrate
[  5]   0.00-10.00  sec  11.0 GBytes  9.41 Gbits/sec                  receiver
[  5]   7.00-8.00   sec  1.09 GBytes  9.40 Gbits/sec    0   1.49 MBytes       
[  5]   8.00-9.00   sec  1.10 GBytes  9.42 Gbits/sec    0   1.53 MBytes       
[  5]   9.00-10.00  sec  1.09 GBytes  9.41 Gbits/sec    0   1.59 MBytes       
- - - - - - - - - - - - - - - - - - - - - - - - -
[ ID] Interval           Transfer     Bitrate         Retr
[  5]   0.00-10.00  sec  11.0 GBytes  9.42 Gbits/sec   90            sender
[  5]   0.00-10.00  sec  11.0 GBytes  9.41 Gbits/sec                  receiver

iperf Done.
Run 3 at cei3
Connecting to host cei2, port 5201
[  5] local 192.168.30.31 port 43994 connected to 192.168.30.30 port 5201
[ ID] Interval           Transfer     Bitrate         Retr  Cwnd
[  5]   0.00-1.00   sec  1.10 GBytes  9.41 Gbits/sec    4   1.29 MBytes       (omitted)
[  5]   1.00-2.00   sec  1.10 GBytes  9.41 Gbits/sec    7   1.39 MBytes       (omitted)
[  5]   2.00-3.00   sec  1.10 GBytes  9.42 Gbits/sec   13   1.41 MBytes       (omitted)
[  5]   0.00-1.00   sec  1.10 GBytes  9.40 Gbits/sec    0   1.43 MBytes       
[  5]   1.00-2.00   sec  1.10 GBytes  9.42 Gbits/sec    0   1.44 MBytes       
[  5]   2.00-3.00   sec  1.10 GBytes  9.41 Gbits/sec    0   1.46 MBytes       
[  5]   3.00-4.00   sec  1.10 GBytes  9.42 Gbits/sec   28   1.47 MBytes       
[  5]   4.00-5.00   sec  1.10 GBytes  9.41 Gbits/sec    7   1.48 MBytes       
[  5]   5.00-6.00   sec  1.10 GBytes  9.41 Gbits/sec    0   1.50 MBytes       
[  5]   6.00-7.00   sec  1.10 GBytes  9.41 Gbits/sec    0   1.51 MBytes       
-----------------------------------------------------------
Server listening on 5201 (test #3)
-----------------------------------------------------------
Accepted connection from 192.168.30.31, port 43984
[  5] local 192.168.30.30 port 5201 connected to 192.168.30.31 port 43994
[ ID] Interval           Transfer     Bitrate
[  5]   0.00-1.00   sec  1.09 GBytes  9.38 Gbits/sec                  (omitted)
[  5]   1.00-2.00   sec  1.10 GBytes  9.41 Gbits/sec                  (omitted)
[  5]   1.00-1.00   sec  1.10 GBytes  4.71 Gbits/sec                  
[  5]   1.00-2.00   sec  1.10 GBytes  9.41 Gbits/sec                  
[  5]   2.00-3.00   sec  1.10 GBytes  9.41 Gbits/sec                  
[  5]   3.00-4.00   sec  1.10 GBytes  9.42 Gbits/sec                  
[  5]   4.00-5.00   sec  1.10 GBytes  9.41 Gbits/sec                  
[  5]   5.00-6.00   sec  1.10 GBytes  9.42 Gbits/sec                  
[  5]   6.00-7.00   sec  1.10 GBytes  9.41 Gbits/sec                  
[  5]   7.00-8.00   sec  1.10 GBytes  9.41 Gbits/sec                  
[  5]   8.00-9.00   sec  1.10 GBytes  9.41 Gbits/sec                  
[  5]   9.00-10.00  sec  1.10 GBytes  9.42 Gbits/sec                  
- - - - - - - - - - - - - - - - - - - - - - - - -
[ ID] Interval           Transfer     Bitrate
[  5]   0.00-10.00  sec  11.0 GBytes  9.41 Gbits/sec                  receiver
[  5]   7.00-8.00   sec  1.10 GBytes  9.42 Gbits/sec    0   1.52 MBytes       
[  5]   8.00-9.00   sec  1.10 GBytes  9.41 Gbits/sec    0   1.53 MBytes       
[  5]   9.00-10.00  sec  1.09 GBytes  9.40 Gbits/sec    0   1.56 MBytes       
- - - - - - - - - - - - - - - - - - - - - - - - -
[ ID] Interval           Transfer     Bitrate         Retr
[  5]   0.00-10.00  sec  11.0 GBytes  9.41 Gbits/sec   35            sender
[  5]   0.00-10.00  sec  11.0 GBytes  9.41 Gbits/sec                  receiver

iperf Done.
