Server: cei4
Client: cei5
Starting server at cei4
Run 1 at cei5
Connecting to host cei4, port 5201
[  5] local 192.168.30.33 port 54102 connected to 192.168.30.32 port 5201
[ ID] Interval           Transfer     Bitrate         Retr  Cwnd
[  5]   0.00-1.00   sec  1.10 GBytes  9.43 Gbits/sec   16   1.38 MBytes       (omitted)
[  5]   1.00-2.00   sec  1.10 GBytes  9.41 Gbits/sec    0   1.39 MBytes       (omitted)
-----------------------------------------------------------
[  5]   2.00-3.00   sec  1.10 GBytes  9.42 Gbits/sec   18   1.41 MBytes       (omitted)
Server listening on 5201 (test #1)
[  5]   0.00-1.00   sec  1.10 GBytes  9.41 Gbits/sec    0   1.43 MBytes       
-----------------------------------------------------------
[  5]   1.00-2.00   sec  1.10 GBytes  9.42 Gbits/sec    0   1.44 MBytes       
Accepted connection from 192.168.30.33, port 54096
[  5]   2.00-3.00   sec  1.10 GBytes  9.41 Gbits/sec    0   1.45 MBytes       
[  5] local 192.168.30.32 port 5201 connected to 192.168.30.33 port 54102
[  5]   3.00-4.00   sec  1.10 GBytes  9.41 Gbits/sec    7   1.47 MBytes       
[ ID] Interval           Transfer     Bitrate
[  5]   4.00-5.00   sec  1.10 GBytes  9.41 Gbits/sec    9   1.48 MBytes       
[  5]   0.00-1.00   sec  1.10 GBytes  9.41 Gbits/sec                  (omitted)
[  5]   5.00-6.00   sec  1.10 GBytes  9.42 Gbits/sec    0   1.48 MBytes       
[  5]   1.00-2.00   sec  1.10 GBytes  9.42 Gbits/sec                  (omitted)
[  5]   6.00-7.00   sec  1.10 GBytes  9.42 Gbits/sec    0   1.50 MBytes       
[  5]   2.00-3.00   sec  1.10 GBytes  9.41 Gbits/sec                  (omitted)
[  5]   0.00-1.00   sec  1.10 GBytes  9.41 Gbits/sec                  
[  5]   1.00-2.00   sec  1.10 GBytes  9.42 Gbits/sec                  
[  5]   2.00-3.00   sec  1.10 GBytes  9.41 Gbits/sec                  
[  5]   3.00-4.00   sec  1.10 GBytes  9.42 Gbits/sec                  
[  5]   4.00-5.00   sec  1.10 GBytes  9.41 Gbits/sec                  
[  5]   5.00-6.00   sec  1.10 GBytes  9.41 Gbits/sec                  
[  5]   6.00-7.00   sec  1.10 GBytes  9.41 Gbits/sec                  
[  5]   7.00-8.00   sec  1.10 GBytes  9.42 Gbits/sec                  
[  5]   8.00-9.00   sec  1.10 GBytes  9.42 Gbits/sec                  
[  5]   9.00-10.00  sec  1.10 GBytes  9.41 Gbits/sec                  
[  5]  10.00-10.00  sec  2.25 MBytes  9.07 Gbits/sec                  
[  5]   7.00-8.00   sec  1.09 GBytes  9.40 Gbits/sec    0   1.51 MBytes       
- - - - - - - - - - - - - - - - - - - - - - - - -
[  5]   8.00-9.00   sec  1.10 GBytes  9.42 Gbits/sec    0   1.52 MBytes       
[ ID] Interval           Transfer     Bitrate
[  5]   9.00-10.00  sec  1.10 GBytes  9.39 Gbits/sec    0   1.55 MBytes       
[  5]   0.00-10.00  sec  11.0 GBytes  9.41 Gbits/sec                  receiver
- - - - - - - - - - - - - - - - - - - - - - - - -
[ ID] Interval           Transfer     Bitrate         Retr
[  5]   0.00-10.00  sec  11.0 GBytes  9.41 Gbits/sec   16            sender
[  5]   0.00-10.00  sec  11.0 GBytes  9.41 Gbits/sec                  receiver

iperf Done.
Run 2 at cei5
-----------------------------------------------------------
Server listening on 5201 (test #2)
-----------------------------------------------------------
Connecting to host cei4, port 5201
Accepted connection from 192.168.30.33, port 33078
[  5] local 192.168.30.33 port 33094 connected to 192.168.30.32 port 5201
[  5] local 192.168.30.32 port 5201 connected to 192.168.30.33 port 33094
[ ID] Interval           Transfer     Bitrate         Retr  Cwnd
[ ID] Interval           Transfer     Bitrate
[  5]   0.00-1.00   sec  1.09 GBytes  9.38 Gbits/sec   17   1.42 MBytes       (omitted)
[  5]   0.00-1.00   sec  1.09 GBytes  9.35 Gbits/sec                  (omitted)
[  5]   1.00-2.00   sec  1.10 GBytes  9.42 Gbits/sec    0   1.43 MBytes       (omitted)
[  5]   1.00-2.00   sec  1.10 GBytes  9.41 Gbits/sec                  (omitted)
[  5]   2.00-3.00   sec  1.10 GBytes  9.41 Gbits/sec    9   1.44 MBytes       (omitted)
[  5]   1.00-1.00   sec  1.10 GBytes  4.71 Gbits/sec                  
[  5]   0.00-1.00   sec  1.10 GBytes  9.41 Gbits/sec    0   1.46 MBytes       
[  5]   1.00-2.00   sec  1.10 GBytes  9.41 Gbits/sec                  
[  5]   1.00-2.00   sec  1.10 GBytes  9.42 Gbits/sec    3   1.47 MBytes       
[  5]   2.00-3.00   sec  1.10 GBytes  9.41 Gbits/sec                  
[  5]   2.00-3.00   sec  1.10 GBytes  9.42 Gbits/sec    0   1.48 MBytes       
[  5]   3.00-4.00   sec  1.10 GBytes  9.42 Gbits/sec                  
[  5]   3.00-4.00   sec  1.10 GBytes  9.42 Gbits/sec   13   1.49 MBytes       
[  5]   4.00-5.00   sec  1.10 GBytes  9.41 Gbits/sec                  
[  5]   4.00-5.00   sec  1.09 GBytes  9.40 Gbits/sec   25   1.50 MBytes       
[  5]   5.00-6.00   sec  1.10 GBytes  9.41 Gbits/sec                  
[  5]   5.00-6.00   sec  1.09 GBytes  9.40 Gbits/sec    0   1.51 MBytes       
[  5]   6.00-7.00   sec  1.10 GBytes  9.41 Gbits/sec                  
[  5]   6.00-7.00   sec  1.10 GBytes  9.42 Gbits/sec   22   1.52 MBytes       
[  5]   7.00-8.00   sec  1.10 GBytes  9.41 Gbits/sec                  
[  5]   8.00-9.00   sec  1.10 GBytes  9.42 Gbits/sec                  
[  5]   9.00-10.00  sec  1.10 GBytes  9.41 Gbits/sec                  
- - - - - - - - - - - - - - - - - - - - - - - - -
[ ID] Interval           Transfer     Bitrate
[  5]   0.00-10.00  sec  11.0 GBytes  9.41 Gbits/sec                  receiver
[  5]   7.00-8.00   sec  1.10 GBytes  9.41 Gbits/sec    0   1.53 MBytes       
[  5]   8.00-9.00   sec  1.09 GBytes  9.40 Gbits/sec    6   1.54 MBytes       
[  5]   9.00-10.00  sec  1.10 GBytes  9.42 Gbits/sec    0   1.55 MBytes       
- - - - - - - - - - - - - - - - - - - - - - - - -
[ ID] Interval           Transfer     Bitrate         Retr
[  5]   0.00-10.00  sec  11.0 GBytes  9.42 Gbits/sec   69            sender
[  5]   0.00-10.00  sec  11.0 GBytes  9.41 Gbits/sec                  receiver

iperf Done.
Run 3 at cei5
Connecting to host cei4, port 5201
[  5] local 192.168.30.33 port 48624 connected to 192.168.30.32 port 5201
[ ID] Interval           Transfer     Bitrate         Retr  Cwnd
[  5]   0.00-1.00   sec  1.10 GBytes  9.43 Gbits/sec   36   1.23 MBytes       (omitted)
[  5]   1.00-2.00   sec  1.09 GBytes  9.41 Gbits/sec    0   1.39 MBytes       (omitted)
[  5]   2.00-3.00   sec  1.10 GBytes  9.41 Gbits/sec    0   1.41 MBytes       (omitted)
[  5]   0.00-1.00   sec  1.10 GBytes  9.40 Gbits/sec   12   1.42 MBytes       
[  5]   1.00-2.00   sec  1.10 GBytes  9.42 Gbits/sec    0   1.44 MBytes       
[  5]   2.00-3.00   sec  1.09 GBytes  9.40 Gbits/sec    0   1.45 MBytes       
[  5]   3.00-4.00   sec  1.09 GBytes  9.40 Gbits/sec    0   1.46 MBytes       
[  5]   4.00-5.00   sec  1.10 GBytes  9.42 Gbits/sec   11   1.47 MBytes       
[  5]   5.00-6.00   sec  1.10 GBytes  9.41 Gbits/sec    0   1.48 MBytes       
-----------------------------------------------------------
[  5]   6.00-7.00   sec  1.10 GBytes  9.41 Gbits/sec    0   1.48 MBytes       
Server listening on 5201 (test #3)
-----------------------------------------------------------
Accepted connection from 192.168.30.33, port 48618
[  5] local 192.168.30.32 port 5201 connected to 192.168.30.33 port 48624
[ ID] Interval           Transfer     Bitrate
[  5]   0.00-1.00   sec  1.10 GBytes  9.40 Gbits/sec                  (omitted)
[  5]   1.00-2.00   sec  1.10 GBytes  9.42 Gbits/sec                  (omitted)
[  5]   1.00-1.00   sec  1.10 GBytes  4.71 Gbits/sec                  
[  5]   1.00-2.00   sec  1.10 GBytes  9.41 Gbits/sec                  
[  5]   2.00-3.00   sec  1.10 GBytes  9.41 Gbits/sec                  
[  5]   3.00-4.00   sec  1.10 GBytes  9.41 Gbits/sec                  
[  5]   4.00-5.00   sec  1.10 GBytes  9.41 Gbits/sec                  
[  5]   5.00-6.00   sec  1.10 GBytes  9.41 Gbits/sec                  
[  5]   6.00-7.00   sec  1.10 GBytes  9.41 Gbits/sec                  
[  5]   7.00-8.00   sec  1.10 GBytes  9.41 Gbits/sec                  
[  5]   8.00-9.00   sec  1.10 GBytes  9.41 Gbits/sec                  
[  5]   9.00-10.00  sec  1.10 GBytes  9.41 Gbits/sec                  
- - - - - - - - - - - - - - - - - - - - - - - - -
[ ID] Interval           Transfer     Bitrate
[  5]   0.00-10.00  sec  11.0 GBytes  9.41 Gbits/sec                  receiver
[  5]   7.00-8.00   sec  1.10 GBytes  9.42 Gbits/sec    0   1.50 MBytes       
[  5]   8.00-9.00   sec  1.10 GBytes  9.42 Gbits/sec    0   1.51 MBytes       
[  5]   9.00-10.00  sec  1.09 GBytes  9.41 Gbits/sec    0   1.53 MBytes       
- - - - - - - - - - - - - - - - - - - - - - - - -
[ ID] Interval           Transfer     Bitrate         Retr
[  5]   0.00-10.00  sec  11.0 GBytes  9.41 Gbits/sec   23            sender
[  5]   0.00-10.00  sec  11.0 GBytes  9.41 Gbits/sec                  receiver

iperf Done.
