Server: tupi3
Client: tupi4
Starting server at tupi3
Run 1 at tupi4
Connecting to host tupi3, port 5201
[  5] local 192.168.30.46 port 49366 connected to 192.168.30.45 port 5201
[ ID] Interval           Transfer     Bitrate         Retr  Cwnd
[  5]   0.00-1.00   sec   114 MBytes   956 Mbits/sec    0    378 KBytes       (omitted)
[  5]   1.00-2.00   sec   112 MBytes   940 Mbits/sec    0    378 KBytes       (omitted)
[  5]   1.00-1.00   sec   112 MBytes   470 Mbits/sec    0    378 KBytes       
[  5]   1.00-2.00   sec   113 MBytes   945 Mbits/sec    0    378 KBytes       
[  5]   2.00-3.00   sec   112 MBytes   939 Mbits/sec    0    378 KBytes       
[  5]   3.00-4.00   sec   112 MBytes   938 Mbits/sec    0    378 KBytes       
[  5]   4.00-5.00   sec   113 MBytes   946 Mbits/sec    0    378 KBytes       
[  5]   5.00-6.00   sec   112 MBytes   938 Mbits/sec    0    378 KBytes       
[  5]   6.00-7.00   sec   113 MBytes   946 Mbits/sec    0    378 KBytes       
[  5]   7.00-8.00   sec   112 MBytes   938 Mbits/sec    0    378 KBytes       
-----------------------------------------------------------
Server listening on 5201 (test #1)
-----------------------------------------------------------
Accepted connection from 192.168.30.46, port 49360
[  5] local 192.168.30.45 port 5201 connected to 192.168.30.46 port 49366
[ ID] Interval           Transfer     Bitrate
[  5]   0.00-1.00   sec   112 MBytes   941 Mbits/sec                  (omitted)
[  5]   1.00-2.00   sec   112 MBytes   942 Mbits/sec                  (omitted)
[  5]   2.00-3.00   sec   112 MBytes   942 Mbits/sec                  (omitted)
[  5]   0.00-1.00   sec   112 MBytes   941 Mbits/sec                  
[  5]   1.00-2.00   sec   112 MBytes   942 Mbits/sec                  
[  5]   2.00-3.00   sec   112 MBytes   942 Mbits/sec                  
[  5]   3.00-4.00   sec   112 MBytes   942 Mbits/sec                  
[  5]   4.00-5.00   sec   112 MBytes   942 Mbits/sec                  
[  5]   5.00-6.00   sec   112 MBytes   942 Mbits/sec                  
[  5]   6.00-7.00   sec   112 MBytes   942 Mbits/sec                  
[  5]   7.00-8.00   sec   112 MBytes   942 Mbits/sec                  
[  5]   8.00-9.00   sec   112 MBytes   941 Mbits/sec                  
[  5]   9.00-10.00  sec   112 MBytes   942 Mbits/sec                  
- - - - - - - - - - - - - - - - - - - - - - - - -
[ ID] Interval           Transfer     Bitrate
[  5]   0.00-10.00  sec  1.10 GBytes   941 Mbits/sec                  receiver
[  5]   8.00-9.00   sec   112 MBytes   940 Mbits/sec    0    378 KBytes       
[  5]   9.00-10.00  sec   113 MBytes   946 Mbits/sec    0    378 KBytes       
- - - - - - - - - - - - - - - - - - - - - - - - -
[ ID] Interval           Transfer     Bitrate         Retr
[  5]   0.00-10.00  sec  1.10 GBytes   942 Mbits/sec    0            sender
[  5]   0.00-10.00  sec  1.10 GBytes   941 Mbits/sec                  receiver

iperf Done.
Run 2 at tupi4
Connecting to host tupi3, port 5201
[  5] local 192.168.30.46 port 38114 connected to 192.168.30.45 port 5201
[ ID] Interval           Transfer     Bitrate         Retr  Cwnd
[  5]   0.00-1.00   sec   114 MBytes   953 Mbits/sec    0    378 KBytes       (omitted)
[  5]   1.00-2.00   sec   113 MBytes   946 Mbits/sec    0    378 KBytes       (omitted)
[  5]   2.00-3.00   sec   112 MBytes   938 Mbits/sec    0    378 KBytes       (omitted)
[  5]   0.00-1.00   sec   113 MBytes   945 Mbits/sec    0    378 KBytes       
[  5]   1.00-2.00   sec   112 MBytes   938 Mbits/sec    0    378 KBytes       
[  5]   2.00-3.00   sec   112 MBytes   940 Mbits/sec    0    378 KBytes       
[  5]   3.00-4.00   sec   113 MBytes   946 Mbits/sec    0    378 KBytes       
[  5]   4.00-5.00   sec   112 MBytes   938 Mbits/sec    0    378 KBytes       
[  5]   5.00-6.00   sec   113 MBytes   946 Mbits/sec    0    378 KBytes       
[  5]   6.00-7.00   sec   112 MBytes   938 Mbits/sec    0    378 KBytes       
-----------------------------------------------------------
Server listening on 5201 (test #2)
-----------------------------------------------------------
Accepted connection from 192.168.30.46, port 38110
[  5] local 192.168.30.45 port 5201 connected to 192.168.30.46 port 38114
[ ID] Interval           Transfer     Bitrate
[  5]   0.00-1.00   sec   112 MBytes   941 Mbits/sec                  (omitted)
[  5]   1.00-2.00   sec   112 MBytes   942 Mbits/sec                  (omitted)
[  5]   2.00-3.00   sec   112 MBytes   942 Mbits/sec                  (omitted)
[  5]   0.00-1.00   sec   112 MBytes   941 Mbits/sec                  
[  5]   1.00-2.00   sec   112 MBytes   942 Mbits/sec                  
[  5]   2.00-3.00   sec   112 MBytes   942 Mbits/sec                  
[  5]   3.00-4.00   sec   112 MBytes   942 Mbits/sec                  
[  5]   4.00-5.00   sec   112 MBytes   942 Mbits/sec                  
[  5]   5.00-6.00   sec   112 MBytes   942 Mbits/sec                  
[  5]   6.00-7.00   sec   112 MBytes   942 Mbits/sec                  
[  5]   7.00-8.00   sec   112 MBytes   942 Mbits/sec                  
[  5]   8.00-9.00   sec   112 MBytes   941 Mbits/sec                  
[  5]   9.00-10.00  sec   112 MBytes   942 Mbits/sec                  
- - - - - - - - - - - - - - - - - - - - - - - - -
[ ID] Interval           Transfer     Bitrate
[  5]   0.00-10.00  sec  1.10 GBytes   941 Mbits/sec                  receiver
[  5]   7.00-8.00   sec   112 MBytes   938 Mbits/sec    0    378 KBytes       
[  5]   8.00-9.00   sec   113 MBytes   946 Mbits/sec    0    378 KBytes       
[  5]   9.00-10.00  sec   112 MBytes   940 Mbits/sec    0    378 KBytes       
- - - - - - - - - - - - - - - - - - - - - - - - -
[ ID] Interval           Transfer     Bitrate         Retr
[  5]   0.00-10.00  sec  1.10 GBytes   942 Mbits/sec    0            sender
[  5]   0.00-10.00  sec  1.10 GBytes   941 Mbits/sec                  receiver

iperf Done.
Run 3 at tupi4
Connecting to host tupi3, port 5201
[  5] local 192.168.30.46 port 52470 connected to 192.168.30.45 port 5201
[ ID] Interval           Transfer     Bitrate         Retr  Cwnd
[  5]   0.00-1.00   sec   114 MBytes   957 Mbits/sec    0    379 KBytes       (omitted)
[  5]   1.00-2.00   sec   112 MBytes   939 Mbits/sec    0    379 KBytes       (omitted)
[  5]   2.00-3.00   sec   113 MBytes   946 Mbits/sec    0    379 KBytes       (omitted)
[  5]   0.00-1.00   sec   112 MBytes   937 Mbits/sec    0    379 KBytes       
[  5]   1.00-2.00   sec   113 MBytes   946 Mbits/sec    0    379 KBytes       
[  5]   2.00-3.00   sec   112 MBytes   938 Mbits/sec    0    379 KBytes       
[  5]   3.00-4.00   sec   112 MBytes   939 Mbits/sec    0    379 KBytes       
[  5]   4.00-5.00   sec   113 MBytes   945 Mbits/sec    0    379 KBytes       
[  5]   5.00-6.00   sec   112 MBytes   940 Mbits/sec    0    379 KBytes       
[  5]   6.00-7.00   sec   113 MBytes   945 Mbits/sec    0    379 KBytes       
-----------------------------------------------------------
Server listening on 5201 (test #3)
-----------------------------------------------------------
Accepted connection from 192.168.30.46, port 52468
[  5] local 192.168.30.45 port 5201 connected to 192.168.30.46 port 52470
[ ID] Interval           Transfer     Bitrate
[  5]   0.00-1.00   sec   112 MBytes   941 Mbits/sec                  (omitted)
[  5]   1.00-2.00   sec   112 MBytes   942 Mbits/sec                  (omitted)
[  5]   2.00-3.00   sec   112 MBytes   942 Mbits/sec                  (omitted)
[  5]   0.00-1.00   sec   112 MBytes   941 Mbits/sec                  
[  5]   1.00-2.00   sec   112 MBytes   942 Mbits/sec                  
[  5]   2.00-3.00   sec   112 MBytes   942 Mbits/sec                  
[  5]   3.00-4.00   sec   112 MBytes   942 Mbits/sec                  
[  5]   4.00-5.00   sec   112 MBytes   942 Mbits/sec                  
[  5]   5.00-6.00   sec   112 MBytes   942 Mbits/sec                  
[  5]   6.00-7.00   sec   112 MBytes   942 Mbits/sec                  
[  5]   7.00-8.00   sec   112 MBytes   942 Mbits/sec                  
[  5]   8.00-9.00   sec   112 MBytes   941 Mbits/sec                  
[  5]   9.00-10.00  sec   112 MBytes   942 Mbits/sec                  
- - - - - - - - - - - - - - - - - - - - - - - - -
[ ID] Interval           Transfer     Bitrate
[  5]   0.00-10.00  sec  1.10 GBytes   941 Mbits/sec                  receiver
[  5]   7.00-8.00   sec   112 MBytes   940 Mbits/sec    0    379 KBytes       
[  5]   8.00-9.00   sec   112 MBytes   938 Mbits/sec    0    379 KBytes       
[  5]   9.00-10.00  sec   113 MBytes   947 Mbits/sec    0    379 KBytes       
- - - - - - - - - - - - - - - - - - - - - - - - -
[ ID] Interval           Transfer     Bitrate         Retr
[  5]   0.00-10.00  sec  1.10 GBytes   942 Mbits/sec    0            sender
[  5]   0.00-10.00  sec  1.10 GBytes   941 Mbits/sec                  receiver

iperf Done.
