================================================================================
HPLinpack 2.3  --  High-Performance Linpack benchmark  --   December 2, 2018
Written by A. Petitet and R. Clint Whaley,  Innovative Computing Laboratory, UTK
Modified by Piotr Luszczek, Innovative Computing Laboratory, UTK
Modified by Julien Langou, University of Colorado Denver
================================================================================

An explanation of the input/output parameters follows:
T/V    : Wall time / encoded variant.
N      : The order of the coefficient matrix A.
NB     : The partitioning blocking factor.
P      : The number of process rows.
Q      : The number of process columns.
Time   : Time in seconds to solve the linear system.
Gflops : Rate of execution for solving the linear system.

The following parameter values will be used:

N      :   89918 
NB     :      64      128      256 
PMAP   : Column-major process mapping
P      :       4 
Q      :       5 
PFACT  :   Right 
NBMIN  :       2 
NDIV   :       2 
RFACT  :   Crout 
BCAST  :   1ring 
DEPTH  :       0 
SWAP   : Binary-exchange
L1     : no-transposed form
U      : no-transposed form
EQUIL  : no
ALIGN  : 8 double precision words

--------------------------------------------------------------------------------

- The matrix A is randomly generated for each test.
- The following scaled residual check will be computed:
      ||Ax-b||_oo / ( eps * ( || x ||_oo * || A ||_oo + || b ||_oo ) * N )
- The relative machine precision (eps) is taken to be               1.110223e-16
- Computational tests pass if scaled residuals are less than                16.0

================================================================================
T/V                N    NB     P     Q               Time                 Gflops
--------------------------------------------------------------------------------
WC00C2R2       89918    64     4     5            2034.47             2.3824e+02
HPL_pdgesv() start time Fri Feb  6 01:45:38 2026

HPL_pdgesv() end time   Fri Feb  6 02:19:33 2026

--VVV--VVV--VVV--VVV--VVV--VVV--VVV--VVV--VVV--VVV--VVV--VVV--VVV--VVV--VVV-
Max aggregated wall time rfact . . . :               9.01
+ Max aggregated wall time pfact . . :               7.85
+ Max aggregated wall time mxswp . . :               7.69
Max aggregated wall time update  . . :            2013.27
+ Max aggregated wall time laswp . . :              84.34
Max aggregated wall time up tr sv  . :               0.82
--------------------------------------------------------------------------------
||Ax-b||_oo/(eps*(||A||_oo*||x||_oo+||b||_oo)*N)=   1.24559379e-03 ...... PASSED
================================================================================
T/V                N    NB     P     Q               Time                 Gflops
--------------------------------------------------------------------------------
WC00C2R2       89918   128     4     5            1455.27             3.3305e+02
HPL_pdgesv() start time Fri Feb  6 02:20:34 2026

HPL_pdgesv() end time   Fri Feb  6 02:44:50 2026

--VVV--VVV--VVV--VVV--VVV--VVV--VVV--VVV--VVV--VVV--VVV--VVV--VVV--VVV--VVV-
Max aggregated wall time rfact . . . :               9.55
+ Max aggregated wall time pfact . . :               7.34
+ Max aggregated wall time mxswp . . :               6.97
Max aggregated wall time update  . . :            1431.37
+ Max aggregated wall time laswp . . :              66.54
Max aggregated wall time up tr sv  . :               0.81
--------------------------------------------------------------------------------
||Ax-b||_oo/(eps*(||A||_oo*||x||_oo+||b||_oo)*N)=   1.42253429e-03 ...... PASSED
================================================================================
T/V                N    NB     P     Q               Time                 Gflops
--------------------------------------------------------------------------------
WC00C2R2       89918   256     4     5            1273.07             3.8072e+02
HPL_pdgesv() start time Fri Feb  6 02:45:51 2026

HPL_pdgesv() end time   Fri Feb  6 03:07:04 2026

--VVV--VVV--VVV--VVV--VVV--VVV--VVV--VVV--VVV--VVV--VVV--VVV--VVV--VVV--VVV-
Max aggregated wall time rfact . . . :               7.56
+ Max aggregated wall time pfact . . :               3.99
+ Max aggregated wall time mxswp . . :               3.59
Max aggregated wall time update  . . :            1243.44
+ Max aggregated wall time laswp . . :              53.46
Max aggregated wall time up tr sv  . :               0.81
--------------------------------------------------------------------------------
||Ax-b||_oo/(eps*(||A||_oo*||x||_oo+||b||_oo)*N)=   1.26362652e-03 ...... PASSED
================================================================================

Finished      3 tests with the following results:
              3 tests completed and passed residual checks,
              0 tests completed and failed residual checks,
              0 tests skipped because of illegal input values.
--------------------------------------------------------------------------------

End of Tests.
================================================================================
